#
# A fatal error has been detected by the Java Runtime Environment:
#
#  EXCEPTION_IN_PAGE_ERROR (0xc0000006) at pc=0x000000006de65531, pid=3688, tid=0x0000000000000e70
#
# JRE version: Java(TM) SE Runtime Environment (8.0_131-b11) (build 1.8.0_131-b11)
# Java VM: Java HotSpot(TM) 64-Bit Server VM (25.131-b11 mixed mode windows-amd64 compressed oops)
# Problematic frame:
# V  [jvm.dll+0x115531]
#
# Failed to write core dump. Minidumps are not enabled by default on client versions of Windows
#
# If you would like to submit a bug report, please visit:
#   http://bugreport.java.com/bugreport/crash.jsp
#

---------------  T H R E A D  ---------------

Current thread (0x0000000002145800):  GCTaskThread [stack: 0x0000000002230000,0x0000000002330000] [id=3696]

siginfo: ExceptionCode=0xc0000006, ExceptionInformation=0x0000000000000000 0x00000000e09349e0 0x00000000c0000185 

Registers:
RAX=0x0000000000000002, RBX=0x00000000eb16dd50, RCX=0x0000000000000000, RDX=0x0000000015f7a840
RSP=0x000000000232f6d0, RBP=0x0000000015f7a840, RSI=0x000000013f7767b0, RDI=0x00000000eb16dd4c
R8 =0x00000000e09349e0, R9 =0x0000000000000009, R10=0x0000000000000000, R11=0x00000000eb174010
R12=0x000000013f7767a8, R13=0x00000000eb16dd30, R14=0x0000000000000000, R15=0x000000000213c5e0
RIP=0x000000006de65531, EFLAGS=0x0000000000010202

Top of Stack: (sp=0x000000000232f6d0)
0x000000000232f6d0:   000000013f776598 000000006de7573c
0x000000000232f6e0:   00000000eb16dd48 00000000eb16dd3c
0x000000000232f6f0:   0000000000000005 0000000011d45a08
0x000000000232f700:   00000000eb16dd30 000000006e151031
0x000000000232f710:   00000000e0929c18 0000000000000005
0x000000000232f720:   0000000015f7a840 00000000eba269f8
0x000000000232f730:   00000000eb16c020 0000000000001000
0x000000000232f740:   00000000b10bd5f0 0000000000000400
0x000000000232f750:   0000000000000000 0000000015f7a800
0x000000000232f760:   0000000011d45a08 000000006e151120
0x000000000232f770:   00000000eb16dd28 0000000011d45a81
0x000000000232f780:   0000000015f7a840 00000000b0b41208
0x000000000232f790:   00000000eb16dd28 000000006e151cc5
0x000000000232f7a0:   00000000f55b0d28 0000000011ceb181
0x000000000232f7b0:   0000000015f7a840 0000000000000003
0x000000000232f7c0:   000000002172a2b0 000000006de3c8a0 

Instructions: (pc=0x000000006de65531)
0x000000006de65511:   8b 43 fc 48 83 eb 04 4c 3b 05 19 73 70 00 72 7f
0x000000006de65521:   8b 0d 71 b2 68 00 49 d3 e0 4c 03 05 5f b2 68 00
0x000000006de65531:   49 8b 00 24 03 3c 03 75 56 4d 8b 00 80 3d 1c 0a
0x000000006de65541:   69 00 00 74 0f 41 0f b6 c0 24 07 3c 05 75 05 45 


Register to memory mapping:

RAX=0x0000000000000002 is an unknown value
RBX=0x00000000eb16dd50 is an oop

[error occurred during error reporting (printing register info), id 0xc0000005]

Stack: [0x0000000002230000,0x0000000002330000],  sp=0x000000000232f6d0,  free space=1021k
Native frames: (J=compiled Java code, j=interpreted, Vv=VM code, C=native code)
V  [jvm.dll+0x115531]
V  [jvm.dll+0x401031]
V  [jvm.dll+0x401120]
V  [jvm.dll+0x401cc5]
V  [jvm.dll+0x3f185f]
V  [jvm.dll+0x403cb2]
V  [jvm.dll+0x3f302e]
V  [jvm.dll+0x29cc1a]
C  [msvcr100.dll+0x21d9f]
C  [msvcr100.dll+0x21e3b]
C  [kernel32.dll+0x1652d]
C  [ntdll.dll+0x2c521]


---------------  P R O C E S S  ---------------

Java Threads: ( => current thread )
  0x0000000017e02000 JavaThread "Execution worker for ':'" [_thread_blocked, id=5768, stack(0x000000001a5d0000,0x000000001a6d0000)]
  0x000000001c567000 JavaThread "Cache worker for file content cache (C:\Users\kos\AndroidStudioProjects\AFA-NavigationDrawer\.gradle\5.1.1\fileContent)" [_thread_blocked, id=5720, stack(0x0000000026dc0000,0x0000000026ec0000)]
  0x0000000017e04000 JavaThread "Cache worker for Build Output Cleanup Cache (C:\Users\kos\AndroidStudioProjects\AFA-NavigationDrawer\.gradle\buildOutputCleanup)" [_thread_blocked, id=4352, stack(0x0000000026ca0000,0x0000000026da0000)]
  0x0000000017e03800 JavaThread "Build operations Thread 2" [_thread_blocked, id=1764, stack(0x0000000022e50000,0x0000000022f50000)]
  0x0000000017e00800 JavaThread "Build operations" [_thread_blocked, id=5908, stack(0x0000000022af0000,0x0000000022bf0000)]
  0x0000000017e02800 JavaThread "Cache worker for cache directory md-rule (C:\Users\kos\.gradle\caches\5.1.1\md-rule)" [_thread_blocked, id=2176, stack(0x000000001fd80000,0x000000001fe80000)]
  0x0000000017dfe000 JavaThread "Cache worker for cache directory md-supplier (C:\Users\kos\.gradle\caches\5.1.1\md-supplier)" [_thread_blocked, id=5200, stack(0x00000000210e0000,0x00000000211e0000)]
  0x0000000017dff800 JavaThread "Cache worker for file hash cache (C:\Users\kos\AndroidStudioProjects\AFA-NavigationDrawer\.gradle\5.1.1\fileHashes)" [_thread_blocked, id=5464, stack(0x000000001dea0000,0x000000001dfa0000)]
  0x0000000017dff000 JavaThread "Thread-110" [_thread_blocked, id=5924, stack(0x000000001ec20000,0x000000001ed20000)]
  0x00000000218c1800 JavaThread "Asynchronous log dispatcher for DefaultDaemonConnection: socket connection from /127.0.0.1:49315 to /127.0.0.1:51152" [_thread_blocked, id=4372, stack(0x000000001a9e0000,0x000000001aae0000)]
  0x00000000218c4800 JavaThread "Daemon worker Thread 7" [_thread_blocked, id=2524, stack(0x000000001a3a0000,0x000000001a4a0000)]
  0x00000000218c3000 JavaThread "Cancel handler" [_thread_blocked, id=6104, stack(0x000000001a4d0000,0x000000001a5d0000)]
  0x00000000218c6000 JavaThread "Handler for socket connection from /127.0.0.1:49315 to /127.0.0.1:51152" [_thread_in_native, id=1080, stack(0x0000000019dc0000,0x0000000019ec0000)]
  0x00000000218c0800 JavaThread "Daemon Thread 7" [_thread_blocked, id=5532, stack(0x00000000199c0000,0x0000000019ac0000)]
  0x000000001c569800 JavaThread "Cache worker for Java compile cache (C:\Users\kos\.gradle\caches\5.1.1\javaCompile)" [_thread_blocked, id=4584, stack(0x0000000020fb0000,0x00000000210b0000)]
  0x000000001c566800 JavaThread "Cache worker for file content cache (C:\Users\kos\.gradle\caches\5.1.1\fileContent)" [_thread_blocked, id=2968, stack(0x000000001eb20000,0x000000001ec20000)]
  0x000000001c565800 JavaThread "Memory manager" [_thread_blocked, id=4568, stack(0x00000000215e0000,0x00000000216e0000)]
  0x000000001847a800 JavaThread "Cache worker for execution history cache (C:\Users\kos\.gradle\caches\5.1.1\executionHistory)" [_thread_blocked, id=4576, stack(0x000000001e1d0000,0x000000001e2d0000)]
  0x0000000018475800 JavaThread "Cache worker for journal cache (C:\Users\kos\.gradle\caches\journal-1)" [_thread_blocked, id=3248, stack(0x000000001ad50000,0x000000001ae50000)]
  0x0000000018474800 JavaThread "File lock request listener" [_thread_in_native, id=4600, stack(0x0000000019c30000,0x0000000019d30000)]
  0x0000000018474000 JavaThread "Cache worker for file hash cache (C:\Users\kos\.gradle\caches\5.1.1\fileHashes)" [_thread_blocked, id=4288, stack(0x000000001ab40000,0x000000001ac40000)]
  0x0000000017592800 JavaThread "Daemon periodic checks" [_thread_blocked, id=4804, stack(0x0000000019b00000,0x0000000019c00000)]
  0x0000000017d57800 JavaThread "Incoming local TCP Connector on port 49315" [_thread_in_native, id=2360, stack(0x00000000193f0000,0x00000000194f0000)]
  0x00000000189ea000 JavaThread "Daemon health stats" [_thread_blocked, id=3320, stack(0x0000000019530000,0x0000000019630000)]
  0x0000000015ff9000 JavaThread "Service Thread" daemon [_thread_blocked, id=4752, stack(0x0000000016a00000,0x0000000016b00000)]
  0x0000000015fe9800 JavaThread "C1 CompilerThread1" daemon [_thread_blocked, id=1752, stack(0x0000000017400000,0x0000000017500000)]
  0x0000000015fe6800 JavaThread "C2 CompilerThread0" daemon [_thread_blocked, id=4728, stack(0x0000000017230000,0x0000000017330000)]
  0x0000000015fe3000 JavaThread "Attach Listener" daemon [_thread_blocked, id=4624, stack(0x0000000017120000,0x0000000017220000)]
  0x0000000015fe2000 JavaThread "Signal Dispatcher" daemon [_thread_blocked, id=3160, stack(0x0000000016f90000,0x0000000017090000)]
  0x0000000015fce800 JavaThread "Finalizer" daemon [_thread_blocked, id=908, stack(0x0000000016e40000,0x0000000016f40000)]
  0x0000000015f84800 JavaThread "Reference Handler" daemon [_thread_blocked, id=3852, stack(0x0000000016c50000,0x0000000016d50000)]
  0x0000000001bdd800 JavaThread "main" [_thread_blocked, id=4188, stack(0x0000000002530000,0x0000000002630000)]

Other Threads:
  0x0000000015f7d000 VMThread [stack: 0x0000000016b40000,0x0000000016c40000] [id=380]
  0x0000000017512800 WatcherThread [stack: 0x00000000179c0000,0x0000000017ac0000] [id=4612]

=>0x0000000002145800 (exited) GCTaskThread [stack: 0x0000000002230000,0x0000000002330000] [id=3696]

VM state:at safepoint (normal execution)

VM Mutex/Monitor currently owned by a thread:  ([mutex/lock_event])
[0x0000000001bdbd00] Threads_lock - owner thread: 0x0000000015f7d000
[0x0000000001bdc200] Heap_lock - owner thread: 0x0000000018475800

Heap:
 PSYoungGen      total 349696K, used 176544K [0x00000000e0000000, 0x0000000100000000, 0x0000000100000000)
  eden space 175104K, 100% used [0x00000000e0000000,0x00000000eab00000,0x00000000eab00000)
  from space 174592K, 0% used [0x00000000f5580000,0x00000000f56e8010,0x0000000100000000)
  to   space 174592K, 3% used [0x00000000eab00000,0x00000000eb174020,0x00000000f5580000)
 ParOldGen       total 516096K, used 279309K [0x00000000a0000000, 0x00000000bf800000, 0x00000000e0000000)
  object space 516096K, 54% used [0x00000000a0000000,0x00000000b10c3600,0x00000000bf800000)
 Metaspace       used 131400K, capacity 135310K, committed 135512K, reserved 1167360K
  class space    used 16082K, capacity 16914K, committed 16984K, reserved 1048576K

Card table byte_map: [0x0000000011cc0000,0x0000000011fd0000] byte_map_base: 0x00000000117c0000

Marking Bits: (ParMarkBitMap*) 0x000000006e56c720
 Begin Bits: [0x0000000012350000, 0x0000000013b50000)
 End Bits:   [0x0000000013b50000, 0x0000000015350000)

Polling page: 0x00000000001e0000

CodeCache: size=245760Kb used=74721Kb max_used=74870Kb free=171038Kb
 bounds [0x0000000002900000, 0x00000000072a0000, 0x0000000011900000]
 total_blobs=22815 nmethods=21923 adapters=802
 compilation: enabled

Compilation events (10 events):
Event: 9184.471 Thread 0x0000000015fe6800 29052       4       org.gradle.internal.serialize.InputStreamBackedDecoder::readByte (13 bytes)
Event: 9184.489 Thread 0x0000000015fe6800 nmethod 29052 0x000000000487a0d0 code [0x000000000487a220, 0x000000000487a2d8]
Event: 9184.976 Thread 0x0000000015fe6800 29056       4       sun.nio.ch.ChannelInputStream::available (54 bytes)
Event: 9185.008 Thread 0x0000000015fe6800 nmethod 29056 0x0000000005349650 code [0x0000000005349820, 0x000000000534aaa0]
Event: 9185.695 Thread 0x0000000015fe6800 29057       4       org.gradle.internal.snapshot.impl.DefaultFileSystemSnapshotter$FileCollectionLeafVisitorImpl::<init> (21 bytes)
Event: 9185.698 Thread 0x0000000015fe6800 nmethod 29057 0x00000000055e5390 code [0x00000000055e54e0, 0x00000000055e55d8]
Event: 9186.159 Thread 0x0000000015fe6800 29058       4       org.gradle.internal.snapshot.impl.DefaultFileSystemSnapshotter$FileCollectionLeafVisitorImpl::<init> (6 bytes)
Event: 9186.167 Thread 0x0000000015fe6800 nmethod 29058 0x0000000004c90a90 code [0x0000000004c90be0, 0x0000000004c90cd8]
Event: 9189.946 Thread 0x0000000015fe6800 29059       4       com.esotericsoftware.kryo.io.Output::writeVarLong (1304 bytes)
Event: 9190.065 Thread 0x0000000015fe6800 nmethod 29059 0x0000000004a16c50 code [0x0000000004a16e00, 0x0000000004a17888]

GC Heap History (10 events):
Event: 3098.144 GC heap after
Heap after GC invocations=61 (full 8):
 PSYoungGen      total 349696K, used 102317K [0x00000000e0000000, 0x0000000100000000, 0x0000000100000000)
  eden space 175104K, 0% used [0x00000000e0000000,0x00000000e0000000,0x00000000eab00000)
  from space 174592K, 58% used [0x00000000eab00000,0x00000000f0eeb738,0x00000000f5580000)
  to   space 174592K, 0% used [0x00000000f5580000,0x00000000f5580000,0x0000000100000000)
 ParOldGen       total 488448K, used 363478K [0x00000000a0000000, 0x00000000bdd00000, 0x00000000e0000000)
  object space 488448K, 74% used [0x00000000a0000000,0x00000000b62f5b38,0x00000000bdd00000)
 Metaspace       used 131170K, capacity 135136K, committed 135256K, reserved 1167360K
  class space    used 16077K, capacity 16909K, committed 16984K, reserved 1048576K
}
Event: 3103.319 GC heap before
{Heap before GC invocations=62 (full 8):
 PSYoungGen      total 349696K, used 277421K [0x00000000e0000000, 0x0000000100000000, 0x0000000100000000)
  eden space 175104K, 100% used [0x00000000e0000000,0x00000000eab00000,0x00000000eab00000)
  from space 174592K, 58% used [0x00000000eab00000,0x00000000f0eeb738,0x00000000f5580000)
  to   space 174592K, 0% used [0x00000000f5580000,0x00000000f5580000,0x0000000100000000)
 ParOldGen       total 488448K, used 363478K [0x00000000a0000000, 0x00000000bdd00000, 0x00000000e0000000)
  object space 488448K, 74% used [0x00000000a0000000,0x00000000b62f5b38,0x00000000bdd00000)
 Metaspace       used 131189K, capacity 135136K, committed 135256K, reserved 1167360K
  class space    used 16077K, capacity 16909K, committed 16984K, reserved 1048576K
Event: 3103.657 GC heap after
Heap after GC invocations=62 (full 8):
 PSYoungGen      total 349696K, used 12483K [0x00000000e0000000, 0x0000000100000000, 0x0000000100000000)
  eden space 175104K, 0% used [0x00000000e0000000,0x00000000e0000000,0x00000000eab00000)
  from space 174592K, 7% used [0x00000000f5580000,0x00000000f61b0e60,0x0000000100000000)
  to   space 174592K, 0% used [0x00000000eab00000,0x00000000eab00000,0x00000000f5580000)
 ParOldGen       total 488448K, used 459279K [0x00000000a0000000, 0x00000000bdd00000, 0x00000000e0000000)
  object space 488448K, 94% used [0x00000000a0000000,0x00000000bc083e58,0x00000000bdd00000)
 Metaspace       used 131189K, capacity 135136K, committed 135256K, reserved 1167360K
  class space    used 16077K, capacity 16909K, committed 16984K, reserved 1048576K
}
Event: 3103.657 GC heap before
{Heap before GC invocations=63 (full 9):
 PSYoungGen      total 349696K, used 12483K [0x00000000e0000000, 0x0000000100000000, 0x0000000100000000)
  eden space 175104K, 0% used [0x00000000e0000000,0x00000000e0000000,0x00000000eab00000)
  from space 174592K, 7% used [0x00000000f5580000,0x00000000f61b0e60,0x0000000100000000)
  to   space 174592K, 0% used [0x00000000eab00000,0x00000000eab00000,0x00000000f5580000)
 ParOldGen       total 488448K, used 459279K [0x00000000a0000000, 0x00000000bdd00000, 0x00000000e0000000)
  object space 488448K, 94% used [0x00000000a0000000,0x00000000bc083e58,0x00000000bdd00000)
 Metaspace       used 131189K, capacity 135136K, committed 135256K, reserved 1167360K
  class space    used 16077K, capacity 16909K, committed 16984K, reserved 1048576K
Event: 3107.745 GC heap after
Heap after GC invocations=63 (full 9):
 PSYoungGen      total 349696K, used 0K [0x00000000e0000000, 0x0000000100000000, 0x0000000100000000)
  eden space 175104K, 0% used [0x00000000e0000000,0x00000000e0000000,0x00000000eab00000)
  from space 174592K, 0% used [0x00000000f5580000,0x00000000f5580000,0x0000000100000000)
  to   space 174592K, 0% used [0x00000000eab00000,0x00000000eab00000,0x00000000f5580000)
 ParOldGen       total 516096K, used 270958K [0x00000000a0000000, 0x00000000bf800000, 0x00000000e0000000)
  object space 516096K, 52% used [0x00000000a0000000,0x00000000b089b910,0x00000000bf800000)
 Metaspace       used 131186K, capacity 135130K, committed 135256K, reserved 1167360K
  class space    used 16076K, capacity 16908K, committed 16984K, reserved 1048576K
}
Event: 3134.709 GC heap before
{Heap before GC invocations=64 (full 9):
 PSYoungGen      total 349696K, used 175104K [0x00000000e0000000, 0x0000000100000000, 0x0000000100000000)
  eden space 175104K, 100% used [0x00000000e0000000,0x00000000eab00000,0x00000000eab00000)
  from space 174592K, 0% used [0x00000000f5580000,0x00000000f5580000,0x0000000100000000)
  to   space 174592K, 0% used [0x00000000eab00000,0x00000000eab00000,0x00000000f5580000)
 ParOldGen       total 516096K, used 270958K [0x00000000a0000000, 0x00000000bf800000, 0x00000000e0000000)
  object space 516096K, 52% used [0x00000000a0000000,0x00000000b089b910,0x00000000bf800000)
 Metaspace       used 131219K, capacity 135144K, committed 135256K, reserved 1167360K
  class space    used 16079K, capacity 16909K, committed 16984K, reserved 1048576K
Event: 3134.796 GC heap after
Heap after GC invocations=64 (full 9):
 PSYoungGen      total 349696K, used 19240K [0x00000000e0000000, 0x0000000100000000, 0x0000000100000000)
  eden space 175104K, 0% used [0x00000000e0000000,0x00000000e0000000,0x00000000eab00000)
  from space 174592K, 11% used [0x00000000eab00000,0x00000000ebdca030,0x00000000f5580000)
  to   space 174592K, 0% used [0x00000000f5580000,0x00000000f5580000,0x0000000100000000)
 ParOldGen       total 516096K, used 270966K [0x00000000a0000000, 0x00000000bf800000, 0x00000000e0000000)
  object space 516096K, 52% used [0x00000000a0000000,0x00000000b089d910,0x00000000bf800000)
 Metaspace       used 131219K, capacity 135144K, committed 135256K, reserved 1167360K
  class space    used 16079K, capacity 16909K, committed 16984K, reserved 1048576K
}
Event: 3410.623 GC heap before
{Heap before GC invocations=65 (full 9):
 PSYoungGen      total 349696K, used 194344K [0x00000000e0000000, 0x0000000100000000, 0x0000000100000000)
  eden space 175104K, 100% used [0x00000000e0000000,0x00000000eab00000,0x00000000eab00000)
  from space 174592K, 11% used [0x00000000eab00000,0x00000000ebdca030,0x00000000f5580000)
  to   space 174592K, 0% used [0x00000000f5580000,0x00000000f5580000,0x0000000100000000)
 ParOldGen       total 516096K, used 270966K [0x00000000a0000000, 0x00000000bf800000, 0x00000000e0000000)
  object space 516096K, 52% used [0x00000000a0000000,0x00000000b089d910,0x00000000bf800000)
 Metaspace       used 131276K, capacity 135238K, committed 135512K, reserved 1167360K
  class space    used 16081K, capacity 16914K, committed 16984K, reserved 1048576K
Event: 3410.720 GC heap after
Heap after GC invocations=65 (full 9):
 PSYoungGen      total 349696K, used 1440K [0x00000000e0000000, 0x0000000100000000, 0x0000000100000000)
  eden space 175104K, 0% used [0x00000000e0000000,0x00000000e0000000,0x00000000eab00000)
  from space 174592K, 0% used [0x00000000f5580000,0x00000000f56e8010,0x0000000100000000)
  to   space 174592K, 0% used [0x00000000eab00000,0x00000000eab00000,0x00000000f5580000)
 ParOldGen       total 516096K, used 278721K [0x00000000a0000000, 0x00000000bf800000, 0x00000000e0000000)
  object space 516096K, 54% used [0x00000000a0000000,0x00000000b10305c0,0x00000000bf800000)
 Metaspace       used 131276K, capacity 135238K, committed 135512K, reserved 1167360K
  class space    used 16081K, capacity 16914K, committed 16984K, reserved 1048576K
}
Event: 9197.345 GC heap before
{Heap before GC invocations=66 (full 9):
 PSYoungGen      total 349696K, used 176544K [0x00000000e0000000, 0x0000000100000000, 0x0000000100000000)
  eden space 175104K, 100% used [0x00000000e0000000,0x00000000eab00000,0x00000000eab00000)
  from space 174592K, 0% used [0x00000000f5580000,0x00000000f56e8010,0x0000000100000000)
  to   space 174592K, 0% used [0x00000000eab00000,0x00000000eab00000,0x00000000f5580000)
 ParOldGen       total 516096K, used 278721K [0x00000000a0000000, 0x00000000bf800000, 0x00000000e0000000)
  object space 516096K, 54% used [0x00000000a0000000,0x00000000b10305c0,0x00000000bf800000)
 Metaspace       used 131400K, capacity 135310K, committed 135512K, reserved 1167360K
  class space    used 16082K, capacity 16914K, committed 16984K, reserved 1048576K

Deoptimization events (10 events):
Event: 3135.024 Thread 0x00000000218c0800 Uncommon trap: reason=unstable_if action=reinterpret pc=0x000000000357d988 method=java.util.concurrent.ForkJoinPool.helpStealer(Ljava/util/concurrent/ForkJoinPool$WorkQueue;Ljava/util/concurrent/ForkJoinTask;)V @ 380
Event: 3135.024 Thread 0x00000000218c0800 Uncommon trap: reason=unstable_if action=reinterpret pc=0x000000000536f90c method=java.util.concurrent.ForkJoinPool.awaitJoin(Ljava/util/concurrent/ForkJoinPool$WorkQueue;Ljava/util/concurrent/ForkJoinTask;J)I @ 107
Event: 3138.551 Thread 0x0000000018476000 Uncommon trap: reason=unstable_if action=reinterpret pc=0x000000000487b90c method=java.util.TimSort.mergeLo(IIII)V @ 354
Event: 3139.111 Thread 0x0000000018476000 Uncommon trap: reason=array_check action=maybe_recompile pc=0x0000000002d4f478 method=java.util.TimSort.mergeLo(IIII)V @ 375
Event: 3139.111 Thread 0x0000000018476000 Uncommon trap: reason=array_check action=maybe_recompile pc=0x0000000002d4f478 method=java.util.TimSort.mergeLo(IIII)V @ 375
Event: 3139.111 Thread 0x0000000018476000 Uncommon trap: reason=array_check action=maybe_recompile pc=0x0000000006ba36b0 method=java.util.TimSort.mergeHi(IIII)V @ 419
Event: 3139.111 Thread 0x0000000018476000 Uncommon trap: reason=array_check action=maybe_recompile pc=0x0000000006ba3340 method=java.util.TimSort.mergeHi(IIII)V @ 282
Event: 3139.111 Thread 0x0000000018476000 Uncommon trap: reason=array_check action=maybe_recompile pc=0x0000000006ba3340 method=java.util.TimSort.mergeHi(IIII)V @ 282
Event: 3143.498 Thread 0x000000001c568000 Uncommon trap: reason=bimorphic action=maybe_recompile pc=0x000000000534a96c method=java.util.TimSort.mergeHi(IIII)V @ 227
Event: 9155.010 Thread 0x00000000218c1800 Uncommon trap: reason=unstable_if action=reinterpret pc=0x00000000037c42e8 method=com.esotericsoftware.kryo.io.Output.writeVarLong(JZ)I @ 55

Internal exceptions (10 events):
Event: 9139.684 Thread 0x00000000218c4800 Exception <a 'sun/nio/fs/WindowsException'> (0x00000000e3aa6370) thrown at [C:\re\workspace\8-2-build-windows-amd64-cygwin\jdk8u131\8869\hotspot\src\share\vm\prims\jni.cpp, line 709]
Event: 9139.684 Thread 0x00000000218c4800 Exception <a 'sun/nio/fs/WindowsException'> (0x00000000e3aa70f0) thrown at [C:\re\workspace\8-2-build-windows-amd64-cygwin\jdk8u131\8869\hotspot\src\share\vm\prims\jni.cpp, line 709]
Event: 9139.687 Thread 0x00000000218c4800 Exception <a 'sun/nio/fs/WindowsException'> (0x00000000e3aa9c98) thrown at [C:\re\workspace\8-2-build-windows-amd64-cygwin\jdk8u131\8869\hotspot\src\share\vm\prims\jni.cpp, line 709]
Event: 9139.688 Thread 0x00000000218c4800 Exception <a 'sun/nio/fs/WindowsException'> (0x00000000e3aaaa50) thrown at [C:\re\workspace\8-2-build-windows-amd64-cygwin\jdk8u131\8869\hotspot\src\share\vm\prims\jni.cpp, line 709]
Event: 9139.688 Thread 0x00000000218c4800 Exception <a 'sun/nio/fs/WindowsException'> (0x00000000e3aacc20) thrown at [C:\re\workspace\8-2-build-windows-amd64-cygwin\jdk8u131\8869\hotspot\src\share\vm\prims\jni.cpp, line 709]
Event: 9139.688 Thread 0x00000000218c4800 Exception <a 'sun/nio/fs/WindowsException'> (0x00000000e3aada10) thrown at [C:\re\workspace\8-2-build-windows-amd64-cygwin\jdk8u131\8869\hotspot\src\share\vm\prims\jni.cpp, line 709]
Event: 9139.700 Thread 0x00000000218c4800 Exception <a 'sun/nio/fs/WindowsException'> (0x00000000e3ab0700) thrown at [C:\re\workspace\8-2-build-windows-amd64-cygwin\jdk8u131\8869\hotspot\src\share\vm\prims\jni.cpp, line 709]
Event: 9139.701 Thread 0x00000000218c4800 Exception <a 'sun/nio/fs/WindowsException'> (0x00000000e3ab1530) thrown at [C:\re\workspace\8-2-build-windows-amd64-cygwin\jdk8u131\8869\hotspot\src\share\vm\prims\jni.cpp, line 709]
Event: 9139.721 Thread 0x00000000218c4800 Exception <a 'sun/nio/fs/WindowsException'> (0x00000000e3ab3778) thrown at [C:\re\workspace\8-2-build-windows-amd64-cygwin\jdk8u131\8869\hotspot\src\share\vm\prims\jni.cpp, line 709]
Event: 9139.721 Thread 0x00000000218c4800 Exception <a 'sun/nio/fs/WindowsException'> (0x00000000e3ab47c8) thrown at [C:\re\workspace\8-2-build-windows-amd64-cygwin\jdk8u131\8869\hotspot\src\share\vm\prims\jni.cpp, line 709]

Events (10 events):
Event: 9165.388 Thread 0x0000000015fe6800 flushing nmethod 0x00000000037ffa50
Event: 9183.793 Thread 0x0000000015fe6800 flushing nmethod 0x0000000004a16c50
Event: 9184.458 Thread 0x0000000015fe6800 flushing nmethod 0x0000000004ce5610
Event: 9184.493 Thread 0x0000000015fe6800 flushing nmethod 0x0000000005349550
Event: 9185.009 Thread 0x0000000015fe6800 flushing nmethod 0x000000000555c250
Event: 9185.044 Thread 0x0000000015fe6800 flushing nmethod 0x00000000055e5190
Event: 9185.760 loading class org/gradle/internal/snapshot/impl/DefaultFileSystemSnapshotter$1
Event: 9185.772 loading class org/gradle/internal/snapshot/impl/DefaultFileSystemSnapshotter$1 done
Event: 9190.066 Thread 0x0000000015fe6800 flushing nmethod 0x0000000006653bd0
Event: 9197.289 Executing VM operation: ParallelGCFailedAllocation


Dynamic libraries:
0x000000013f730000 - 0x000000013f767000 	C:\Program Files\Java\jdk1.8.0_131\bin\java.exe
0x0000000077af0000 - 0x0000000077c99000 	C:\Windows\SYSTEM32\ntdll.dll
0x000007fefb480000 - 0x000007fefb492000 	C:\Program Files\AVAST Software\Avast\aswhook.dll
0x00000000779d0000 - 0x0000000077aef000 	C:\Windows\system32\kernel32.dll
0x000007fefdaf0000 - 0x000007fefdb5b000 	C:\Windows\system32\KERNELBASE.dll
0x000007fefe9b0000 - 0x000007fefea8b000 	C:\Windows\system32\ADVAPI32.dll
0x000007fefe790000 - 0x000007fefe82f000 	C:\Windows\system32\msvcrt.dll
0x000007fefe1e0000 - 0x000007fefe1ff000 	C:\Windows\SYSTEM32\sechost.dll
0x000007fefdf20000 - 0x000007fefe04d000 	C:\Windows\system32\RPCRT4.dll
0x00000000778d0000 - 0x00000000779ca000 	C:\Windows\system32\USER32.dll
0x000007fefe720000 - 0x000007fefe787000 	C:\Windows\system32\GDI32.dll
0x000007fefe2e0000 - 0x000007fefe2ee000 	C:\Windows\system32\LPK.dll
0x000007feffd20000 - 0x000007feffde9000 	C:\Windows\system32\USP10.dll
0x000007fefc6b0000 - 0x000007fefc8a4000 	C:\Windows\WinSxS\amd64_microsoft.windows.common-controls_6595b64144ccf1df_6.0.7601.17514_none_fa396087175ac9ac\COMCTL32.dll
0x000007fefe050000 - 0x000007fefe0c1000 	C:\Windows\system32\SHLWAPI.dll
0x000007fefea90000 - 0x000007fefeabe000 	C:\Windows\system32\IMM32.DLL
0x000007fefe0d0000 - 0x000007fefe1d9000 	C:\Windows\system32\MSCTF.dll
0x0000000074590000 - 0x0000000074662000 	C:\Program Files\Java\jdk1.8.0_131\jre\bin\msvcr100.dll
0x000000006dd50000 - 0x000000006e5ec000 	C:\Program Files\Java\jdk1.8.0_131\jre\bin\server\jvm.dll
0x000007fefa810000 - 0x000007fefa819000 	C:\Windows\system32\WSOCK32.dll
0x000007fefde10000 - 0x000007fefde5d000 	C:\Windows\system32\WS2_32.dll
0x000007feffdf0000 - 0x000007feffdf8000 	C:\Windows\system32\NSI.dll
0x000007fefbb80000 - 0x000007fefbbbb000 	C:\Windows\system32\WINMM.dll
0x000007fefcba0000 - 0x000007fefcbac000 	C:\Windows\system32\VERSION.dll
0x0000000077cc0000 - 0x0000000077cc7000 	C:\Windows\system32\PSAPI.DLL
0x00000000753f0000 - 0x00000000753ff000 	C:\Program Files\Java\jdk1.8.0_131\jre\bin\verify.dll
0x0000000074890000 - 0x00000000748b9000 	C:\Program Files\Java\jdk1.8.0_131\jre\bin\java.dll
0x0000000074440000 - 0x0000000074456000 	C:\Program Files\Java\jdk1.8.0_131\jre\bin\zip.dll
0x000007fefeba0000 - 0x000007feff928000 	C:\Windows\system32\SHELL32.dll
0x000007feffb10000 - 0x000007feffd13000 	C:\Windows\system32\ole32.dll
0x000007fefda40000 - 0x000007fefda4f000 	C:\Windows\system32\profapi.dll
0x0000000074420000 - 0x000000007443a000 	C:\Program Files\Java\jdk1.8.0_131\jre\bin\net.dll
0x000007fefd270000 - 0x000007fefd2c5000 	C:\Windows\system32\mswsock.dll
0x000007fefd260000 - 0x000007fefd267000 	C:\Windows\System32\wship6.dll
0x0000000074400000 - 0x0000000074411000 	C:\Program Files\Java\jdk1.8.0_131\jre\bin\nio.dll
0x000007fefb270000 - 0x000007fefb28e000 	C:\Users\kos\.gradle\native\25\windows-amd64\native-platform.dll
0x0000000074580000 - 0x000000007458d000 	C:\Program Files\Java\jdk1.8.0_131\jre\bin\management.dll
0x000007fefd2d0000 - 0x000007fefd2e7000 	C:\Windows\system32\CRYPTSP.dll
0x000007fefcfd0000 - 0x000007fefd017000 	C:\Windows\system32\rsaenh.dll
0x000007fefcd90000 - 0x000007fefcdae000 	C:\Windows\system32\USERENV.dll
0x000007fefd970000 - 0x000007fefd97f000 	C:\Windows\system32\CRYPTBASE.dll
0x000007fefa9a0000 - 0x000007fefa9c7000 	C:\Windows\system32\IPHLPAPI.DLL
0x000007fefa990000 - 0x000007fefa99b000 	C:\Windows\system32\WINNSI.DLL
0x000007fefa3e0000 - 0x000007fefa3f8000 	C:\Windows\system32\dhcpcsvc.DLL
0x000007fefa3c0000 - 0x000007fefa3d1000 	C:\Windows\system32\dhcpcsvc6.DLL
0x000007fefd8d0000 - 0x000007fefd927000 	C:\Windows\system32\apphelp.dll
0x000000001ac40000 - 0x000000001ad32000 	C:\Users\kos\AppData\Local\Temp\room-1be66a8b-2343-40e2-aa17-2cc5e1efed77\sqlite-3.20.1-75d90cce-a0c7-49fc-915c-b1eb4d7bc730-sqlitejdbc.dll
0x00000000204b0000 - 0x00000000205a2000 	C:\Users\kos\AppData\Local\Temp\room-96ac49a9-c955-4c07-88f3-c123dba9eb08\sqlite-3.20.1-628ef96a-f74e-4030-8727-f7bc1a2b397f-sqlitejdbc.dll
0x000007fef8f40000 - 0x000007fef9065000 	C:\Windows\system32\dbghelp.dll

VM Arguments:
jvm_args: -Xmx1536m -Dfile.encoding=windows-1252 -Duser.country=US -Duser.language=en -Duser.variant 
java_command: org.gradle.launcher.daemon.bootstrap.GradleDaemon 5.1.1
java_class_path (initial): C:\Users\kos\.gradle\wrapper\dists\gradle-5.1.1-all\97z1ksx6lirer3kbvdnh7jtjg\gradle-5.1.1\lib\gradle-launcher-5.1.1.jar
Launcher Type: SUN_STANDARD

Environment Variables:
PATH=C:\Program Files (x86)\Common Files\Oracle\Java\javapath;C:\Windows\system32;C:\Windows;C:\Windows\System32\Wbem;C:\Windows\System32\WindowsPowerShell\v1.0\;C:\Program Files\Git\cmd
USERNAME=kos
OS=Windows_NT
PROCESSOR_IDENTIFIER=Intel64 Family 6 Model 76 Stepping 4, GenuineIntel



---------------  S Y S T E M  ---------------

OS: Windows 7 , 64 bit Build 7601 (6.1.7601.17514)

CPU:total 2 (initial active 2) (2 cores per cpu, 1 threads per core) family 6 model 76 stepping 4, cmov, cx8, fxsr, mmx, sse, sse2, sse3, ssse3, sse4.1, sse4.2, popcnt, aes, clmul, erms, 3dnowpref, tsc, tscinvbit

Memory: 4k page, physical 4032828k(386288k free), swap 8063812k(2003316k free)

vm_info: Java HotSpot(TM) 64-Bit Server VM (25.131-b11) for windows-amd64 JRE (1.8.0_131-b11), built on Mar 15 2017 01:23:53 by "java_re" with MS VC++ 10.0 (VS2010)

time: Tue Aug 06 02:10:43 2019
elapsed time: 9254 seconds (0d 2h 34m 14s)

